<?xml version="1.0" encoding="UTF-8"?>
<!-- Generated by org.testng.reporters.JUnitXMLReporter -->
<testsuite ignored="1" hostname="DESKTOP-KA1O8J5" failures="0" tests="1" name="Default test" time="16.803" errors="0" timestamp="2021-08-29T21:53:40 AEST">
  <testcase classname="com.bunnings.testcases.AddProductToCart" name="startTest" time="16.778"/>
  <testcase classname="base.BaseTest" name="@AfterSuite tearDwon" time="0.0">
    <ignored/>
  </testcase> <!-- @AfterSuite tearDwon -->
</testsuite> <!-- Default test -->
