<?xml version="1.0" encoding="UTF-8"?>
<testsuite xmlns:xsi="http://www.w3.org/2001/XMLSchema-instance" xsi:noNamespaceSchemaLocation="https://maven.apache.org/surefire/maven-surefire-plugin/xsd/surefire-test-report-3.0.xsd" version="3.0" name="TestSuite" time="20.199" tests="1" errors="0" skipped="0" failures="0">
  <properties>
[...]
</properties>
  <testcase name="startTest" classname="com.bunnings.testcases.AddProductToCart" time="18.591">
    <system-out><![CDATA[[TestNGContentHandler] [WARN] It is strongly recommended to add "<!DOCTYPE suite SYSTEM "http://testng.org/testng-1.0.dtd" >" at the top of your file, otherwise TestNG may fail or not work as expected.
Preparing is done
Starting to add items
item name is Dulux Ceiling White Paint
price of item 0 is $30.80
Item is successfully sellected
Item quantity is 1
item name is Spring 4L Low Sheen Interior Paint
price of item 4 is $24
Item is successfully sellected
Item quantity is 1
item name is Dulux Ceiling White Paint
price of item 5 is $51.60
Item is successfully sellected
Item quantity is 1
All items have been added successfully
Total price from items page: 106.4
Total number of items from items page: 3
Total number of items from Cart Pageis: 3
total price from cart page is: 106.4
]]></system-out>
    <system-err><![CDATA[Starting ChromeDriver 92.0.4515.107 (87a818b10553a07434ea9e2b6dccf3cbe7895134-refs/branch-heads/4515@{#1634}) on port 29122
Only local connections are allowed.
Please see https://chromedriver.chromium.org/security-considerations for suggestions on keeping ChromeDriver safe.
ChromeDriver was started successfully.
Aug 30, 2021 12:56:37 PM org.openqa.selenium.remote.ProtocolHandshake createSession
INFO: Detected dialect: W3C
]]></system-err>
  </testcase>
</testsuite>