<?xml version="1.0" encoding="UTF-8"?>
<testng-results ignored="0" total="1" passed="1" failed="0" skipped="0">
  <reporter-output>
  </reporter-output>
  <suite started-at="2021-08-30T02:56:35Z" name="Suite" finished-at="2021-08-30T02:56:54Z" duration-ms="18592">
    <groups>
    </groups>
    <test started-at="2021-08-30T02:56:35Z" name="Test" finished-at="2021-08-30T02:56:54Z" duration-ms="18592">
      <class name="com.bunnings.testcases.AddProductToCart">
        <test-method signature="startTest()[pri:0, instance:com.bunnings.testcases.AddProductToCart@5e403b4a]" started-at="2021-08-30T02:56:35Z" name="startTest" finished-at="2021-08-30T02:56:54Z" duration-ms="18578" status="PASS">
          <reporter-output>
          </reporter-output>
        </test-method> <!-- startTest -->
        <test-method is-config="true" signature="tearDwon()[pri:0, instance:com.bunnings.testcases.AddProductToCart@5e403b4a]" started-at="2021-08-30T02:56:54Z" name="tearDwon" finished-at="2021-08-30T02:56:55Z" duration-ms="797" status="PASS">
          <reporter-output>
          </reporter-output>
        </test-method> <!-- tearDwon -->
      </class> <!-- com.bunnings.testcases.AddProductToCart -->
    </test> <!-- Test -->
  </suite> <!-- Suite -->
</testng-results>
