<?xml version="1.0" encoding="UTF-8"?>
<testng-results ignored="1" total="2" passed="1" failed="0" skipped="0">
  <reporter-output>
  </reporter-output>
  <suite started-at="2021-08-30T12:55:40 AEST" name="Default suite" finished-at="2021-08-30T12:56:00 AEST" duration-ms="19869">
    <groups>
    </groups>
    <test started-at="2021-08-30T12:55:40 AEST" name="Default test" finished-at="2021-08-30T12:56:00 AEST" duration-ms="19869">
      <class name="base.BaseTest">
        <test-method is-config="true" signature="tearDwon()[pri:0, instance:base.BaseTest@1eb5174b]" started-at="2021-08-30T12:56:00 AEST" name="tearDwon" finished-at="2021-08-30T12:56:01 AEST" duration-ms="714" status="PASS">
          <reporter-output>
          </reporter-output>
        </test-method> <!-- tearDwon -->
      </class> <!-- base.BaseTest -->
      <class name="com.bunnings.testcases.AddProductToCart">
        <test-method signature="startTest()[pri:0, instance:com.bunnings.testcases.AddProductToCart@69e1dd28]" started-at="2021-08-30T12:55:40 AEST" name="startTest" finished-at="2021-08-30T12:56:00 AEST" duration-ms="19840" status="PASS">
          <reporter-output>
          </reporter-output>
        </test-method> <!-- startTest -->
      </class> <!-- com.bunnings.testcases.AddProductToCart -->
    </test> <!-- Default test -->
  </suite> <!-- Default suite -->
</testng-results>
