<?xml version="1.0" encoding="UTF-8"?>
<testng-results ignored="1" total="2" passed="1" failed="0" skipped="0">
  <reporter-output>
  </reporter-output>
  <suite started-at="2021-08-29T21:53:23 AEST" name="Default suite" finished-at="2021-08-29T21:53:40 AEST" duration-ms="16803">
    <groups>
    </groups>
    <test started-at="2021-08-29T21:53:23 AEST" name="Default test" finished-at="2021-08-29T21:53:40 AEST" duration-ms="16803">
      <class name="base.BaseTest">
        <test-method is-config="true" signature="tearDwon()[pri:0, instance:base.BaseTest@c333c60]" started-at="2021-08-29T21:53:40 AEST" name="tearDwon" finished-at="2021-08-29T21:53:41 AEST" duration-ms="787" status="PASS">
          <reporter-output>
          </reporter-output>
        </test-method> <!-- tearDwon -->
      </class> <!-- base.BaseTest -->
      <class name="com.bunnings.testcases.AddProductToCart">
        <test-method signature="startTest()[pri:0, instance:com.bunnings.testcases.AddProductToCart@378542de]" started-at="2021-08-29T21:53:23 AEST" name="startTest" finished-at="2021-08-29T21:53:40 AEST" duration-ms="16778" status="PASS">
          <reporter-output>
          </reporter-output>
        </test-method> <!-- startTest -->
      </class> <!-- com.bunnings.testcases.AddProductToCart -->
    </test> <!-- Default test -->
  </suite> <!-- Default suite -->
</testng-results>
